

Microchip MPLAB XC8 Assembler V2.45 build 20230818022343 
                                                                                               Sat Dec 09 06:34:26 2023

Microchip MPLAB XC8 C Compiler v2.45 (Free license) build 20230818022343 Og1 
     1                           	processor	12F1822
     2                           	pagewidth 120
     3                           	opt	flic
     4                           	psect	cinit,global,class=CODE,merge=1,delta=2
     5                           	psect	cstackCOMMON,global,class=COMMON,space=1,delta=1,noexec
     6                           	psect	maintext,global,class=CODE,merge=1,split=1,delta=2
     7                           	psect	config,global,abs,ovrld,class=CONFIG,space=4,delta=2,noexec
     8                           	dabs	1,0x7E,2
     9     0000                     
    10                           ; Generated 06/07/2023 GMT
    11                           ; 
    12                           ; Copyright © 2023, Microchip Technology Inc. and its subsidiaries ("Microchip")
    13                           ; All rights reserved.
    14                           ; 
    15                           ; This software is developed by Microchip Technology Inc. and its subsidiaries ("Microch
      +                          ip").
    16                           ; 
    17                           ; Redistribution and use in source and binary forms, with or without modification, are
    18                           ; permitted provided that the following conditions are met:
    19                           ; 
    20                           ;     1. Redistributions of source code must retain the above copyright notice, this lis
      +                          t of
    21                           ;        conditions and the following disclaimer.
    22                           ; 
    23                           ;     2. Redistributions in binary form must reproduce the above copyright notice, this 
      +                          list
    24                           ;        of conditions and the following disclaimer in the documentation and/or other
    25                           ;        materials provided with the distribution. Publication is not required when
    26                           ;        this file is used in an embedded application.
    27                           ; 
    28                           ;     3. Microchip's name may not be used to endorse or promote products derived from th
      +                          is
    29                           ;        software without specific prior written permission.
    30                           ; 
    31                           ; THIS SOFTWARE IS PROVIDED BY MICROCHIP "AS IS" AND ANY EXPRESS OR IMPLIED WARRANTIES,
    32                           ; INCLUDING, BUT NOT LIMITED TO, THE IMPLIED WARRANTIES OF MERCHANTABILITY AND FITNESS F
      +                          OR
    33                           ; PURPOSE ARE DISCLAIMED.  IN NO EVENT SHALL MICROCHIP BE LIABLE FOR ANY DIRECT, INDIREC
      +                          T,
    34                           ; INCIDENTAL, SPECIAL, EXEMPLARY, OR CONSEQUENTIAL DAMAGES (INCLUDING BUT NOT LIMITED TO
    35                           ; PROCUREMENT OF SUBSTITUTE GOODS OR SERVICES; LOSS OF USE, DATA OR PROFITS; OR BUSINESS
    36                           ; INTERRUPTION) HOWSOEVER CAUSED AND ON ANY THEORY OF LIABILITY, WHETHER IN CONTRACT, ST
      +                          RICT
    37                           ; LIABILITY, OR TORT (INCLUDING NEGLIGENCE OR OTHERWISE) ARISING IN ANY WAY OUT OF THE U
      +                          SE OF
    38                           ; THIS SOFTWARE, EVEN IF ADVISED OF THE POSSIBILITY OF SUCH DAMAGE.
    39                           ; 
    40                           ; 
    41                           ; Code-generator required, PIC12F1822 Definitions
    42                           ; 
    43                           ; SFR Addresses
    44     0000                     	;# 
    45     0001                     	;# 
    46     0002                     	;# 
    47     0003                     	;# 
    48     0004                     	;# 
    49     0005                     	;# 
    50     0006                     	;# 
    51     0007                     	;# 
    52     0008                     	;# 
    53     0009                     	;# 
    54     000A                     	;# 
    55     000B                     	;# 
    56     000C                     	;# 
    57     0011                     	;# 
    58     0012                     	;# 
    59     0015                     	;# 
    60     0016                     	;# 
    61     0016                     	;# 
    62     0017                     	;# 
    63     0018                     	;# 
    64     0019                     	;# 
    65     001A                     	;# 
    66     001B                     	;# 
    67     001C                     	;# 
    68     001E                     	;# 
    69     001F                     	;# 
    70     008C                     	;# 
    71     0091                     	;# 
    72     0092                     	;# 
    73     0095                     	;# 
    74     0096                     	;# 
    75     0097                     	;# 
    76     0098                     	;# 
    77     0099                     	;# 
    78     009A                     	;# 
    79     009B                     	;# 
    80     009B                     	;# 
    81     009C                     	;# 
    82     009D                     	;# 
    83     009E                     	;# 
    84     010C                     	;# 
    85     0111                     	;# 
    86     0112                     	;# 
    87     0115                     	;# 
    88     0116                     	;# 
    89     0117                     	;# 
    90     0118                     	;# 
    91     0119                     	;# 
    92     011A                     	;# 
    93     011B                     	;# 
    94     011D                     	;# 
    95     011D                     	;# 
    96     018C                     	;# 
    97     0191                     	;# 
    98     0191                     	;# 
    99     0192                     	;# 
   100     0193                     	;# 
   101     0193                     	;# 
   102     0193                     	;# 
   103     0194                     	;# 
   104     0195                     	;# 
   105     0196                     	;# 
   106     0199                     	;# 
   107     019A                     	;# 
   108     019B                     	;# 
   109     019B                     	;# 
   110     019B                     	;# 
   111     019B                     	;# 
   112     019C                     	;# 
   113     019C                     	;# 
   114     019D                     	;# 
   115     019E                     	;# 
   116     019F                     	;# 
   117     020C                     	;# 
   118     0211                     	;# 
   119     0211                     	;# 
   120     0212                     	;# 
   121     0212                     	;# 
   122     0213                     	;# 
   123     0213                     	;# 
   124     0214                     	;# 
   125     0214                     	;# 
   126     0215                     	;# 
   127     0215                     	;# 
   128     0215                     	;# 
   129     0216                     	;# 
   130     0216                     	;# 
   131     0217                     	;# 
   132     0217                     	;# 
   133     0291                     	;# 
   134     0291                     	;# 
   135     0292                     	;# 
   136     0293                     	;# 
   137     0294                     	;# 
   138     0295                     	;# 
   139     0295                     	;# 
   140     0296                     	;# 
   141     0391                     	;# 
   142     0392                     	;# 
   143     0393                     	;# 
   144     039A                     	;# 
   145     039C                     	;# 
   146     039D                     	;# 
   147     039E                     	;# 
   148     039F                     	;# 
   149     0FE4                     	;# 
   150     0FE5                     	;# 
   151     0FE6                     	;# 
   152     0FE7                     	;# 
   153     0FE8                     	;# 
   154     0FE9                     	;# 
   155     0FEA                     	;# 
   156     0FEB                     	;# 
   157     0FED                     	;# 
   158     0FEE                     	;# 
   159     0FEF                     	;# 
   160     0000                     	;# 
   161     0001                     	;# 
   162     0002                     	;# 
   163     0003                     	;# 
   164     0004                     	;# 
   165     0005                     	;# 
   166     0006                     	;# 
   167     0007                     	;# 
   168     0008                     	;# 
   169     0009                     	;# 
   170     000A                     	;# 
   171     000B                     	;# 
   172     000C                     	;# 
   173     0011                     	;# 
   174     0012                     	;# 
   175     0015                     	;# 
   176     0016                     	;# 
   177     0016                     	;# 
   178     0017                     	;# 
   179     0018                     	;# 
   180     0019                     	;# 
   181     001A                     	;# 
   182     001B                     	;# 
   183     001C                     	;# 
   184     001E                     	;# 
   185     001F                     	;# 
   186     008C                     	;# 
   187     0091                     	;# 
   188     0092                     	;# 
   189     0095                     	;# 
   190     0096                     	;# 
   191     0097                     	;# 
   192     0098                     	;# 
   193     0099                     	;# 
   194     009A                     	;# 
   195     009B                     	;# 
   196     009B                     	;# 
   197     009C                     	;# 
   198     009D                     	;# 
   199     009E                     	;# 
   200     010C                     	;# 
   201     0111                     	;# 
   202     0112                     	;# 
   203     0115                     	;# 
   204     0116                     	;# 
   205     0117                     	;# 
   206     0118                     	;# 
   207     0119                     	;# 
   208     011A                     	;# 
   209     011B                     	;# 
   210     011D                     	;# 
   211     011D                     	;# 
   212     018C                     	;# 
   213     0191                     	;# 
   214     0191                     	;# 
   215     0192                     	;# 
   216     0193                     	;# 
   217     0193                     	;# 
   218     0193                     	;# 
   219     0194                     	;# 
   220     0195                     	;# 
   221     0196                     	;# 
   222     0199                     	;# 
   223     019A                     	;# 
   224     019B                     	;# 
   225     019B                     	;# 
   226     019B                     	;# 
   227     019B                     	;# 
   228     019C                     	;# 
   229     019C                     	;# 
   230     019D                     	;# 
   231     019E                     	;# 
   232     019F                     	;# 
   233     020C                     	;# 
   234     0211                     	;# 
   235     0211                     	;# 
   236     0212                     	;# 
   237     0212                     	;# 
   238     0213                     	;# 
   239     0213                     	;# 
   240     0214                     	;# 
   241     0214                     	;# 
   242     0215                     	;# 
   243     0215                     	;# 
   244     0215                     	;# 
   245     0216                     	;# 
   246     0216                     	;# 
   247     0217                     	;# 
   248     0217                     	;# 
   249     0291                     	;# 
   250     0291                     	;# 
   251     0292                     	;# 
   252     0293                     	;# 
   253     0294                     	;# 
   254     0295                     	;# 
   255     0295                     	;# 
   256     0296                     	;# 
   257     0391                     	;# 
   258     0392                     	;# 
   259     0393                     	;# 
   260     039A                     	;# 
   261     039C                     	;# 
   262     039D                     	;# 
   263     039E                     	;# 
   264     039F                     	;# 
   265     0FE4                     	;# 
   266     0FE5                     	;# 
   267     0FE6                     	;# 
   268     0FE7                     	;# 
   269     0FE8                     	;# 
   270     0FE9                     	;# 
   271     0FEA                     	;# 
   272     0FEB                     	;# 
   273     0FED                     	;# 
   274     0FEE                     	;# 
   275     0FEF                     	;# 
   276                           
   277                           	psect	cinit
   278     07FE                     start_initialization:	
   279                           ; #config settings
   280                           
   281     07FE                     __initialization:
   282     07FE                     end_of_initialization:	
   283                           ;End of C runtime variable initialization code
   284                           
   285     07FE                     __end_of__initialization:
   286     07FE  0020               	movlb	0
   287     07FF  2FFD               	ljmp	_main	;jump to C main() function
   288                           
   289                           	psect	cstackCOMMON
   290     0000                     __pcstackCOMMON:
   291     0000                     ?_main:
   292     0000                     ??_main:	
   293                           ; 1 bytes @ 0x0
   294                           
   295                           
   296                           	psect	maintext
   297     07FD                     __pmaintext:	
   298                           ; 1 bytes @ 0x0
   299 ;;
   300 ;;Main: autosize = 0, tempsize = 0, incstack = 0, save=0
   301 ;;
   302 ;; *************** function _main *****************
   303 ;; Defined at:
   304 ;;		line 34 in file "main.c"
   305 ;; Parameters:    Size  Location     Type
   306 ;;		None
   307 ;; Auto vars:     Size  Location     Type
   308 ;;		None
   309 ;; Return value:  Size  Location     Type
   310 ;;                  1    wreg      void 
   311 ;; Registers used:
   312 ;;		None
   313 ;; Tracked objects:
   314 ;;		On entry : B1F/0
   315 ;;		On exit  : 0/0
   316 ;;		Unchanged: 0/0
   317 ;; Data sizes:     COMMON   BANK0   BANK1
   318 ;;      Params:         0       0       0
   319 ;;      Locals:         0       0       0
   320 ;;      Temps:          0       0       0
   321 ;;      Totals:         0       0       0
   322 ;;Total ram usage:        0 bytes
   323 ;; This function calls:
   324 ;;		Nothing
   325 ;; This function is called by:
   326 ;;		Startup code after reset
   327 ;; This function uses a non-reentrant model
   328 ;;
   329                           
   330     07FD                     _main:	
   331                           ;psect for function _main
   332                           
   333     07FD                     l613:	
   334                           ;incstack = 0
   335                           ; Regs used in _main: []
   336                           
   337     07FD                     l5:	
   338                           ;main.c: 35:     return;
   339                           
   340     07FD  2801               	ljmp	start
   341     07FE                     __end_of_main:
   342     007E                     btemp	set	126	;btemp
   343     007E                     wtemp0	set	126
   344                           
   345                           	psect	config
   346                           
   347                           ;Config register CONFIG1 @ 0x8007
   348                           ;	Oscillator Selection
   349                           ;	FOSC = INTOSC, INTOSC oscillator: I/O function on CLKIN pin
   350                           ;	Watchdog Timer Enable
   351                           ;	WDTE = OFF, WDT disabled
   352                           ;	Power-up Timer Enable
   353                           ;	PWRTE = OFF, PWRT disabled
   354                           ;	MCLR Pin Function Select
   355                           ;	MCLRE = ON, MCLR/VPP pin function is MCLR
   356                           ;	Flash Program Memory Code Protection
   357                           ;	CP = OFF, Program memory code protection is disabled
   358                           ;	Data Memory Code Protection
   359                           ;	CPD = OFF, Data memory code protection is disabled
   360                           ;	Brown-out Reset Enable
   361                           ;	BOREN = ON, Brown-out Reset enabled
   362                           ;	Clock Out Enable
   363                           ;	CLKOUTEN = OFF, CLKOUT function is disabled. I/O or oscillator function on the CLKOUT 
      +                          pin
   364                           ;	Internal/External Switchover
   365                           ;	IESO = ON, Internal/External Switchover mode is enabled
   366                           ;	Fail-Safe Clock Monitor Enable
   367                           ;	FCMEN = ON, Fail-Safe Clock Monitor is enabled
   368     8007                     	org	32775
   369     8007  3FE4               	dw	16356
   370                           
   371                           ;Config register CONFIG2 @ 0x8008
   372                           ;	Flash Memory Self-Write Protection
   373                           ;	WRT = OFF, Write protection off
   374                           ;	PLL Enable
   375                           ;	PLLEN = ON, 4x PLL enabled
   376                           ;	Stack Overflow/Underflow Reset Enable
   377                           ;	STVREN = ON, Stack Overflow or Underflow will cause a Reset
   378                           ;	Brown-out Reset Voltage Selection
   379                           ;	BORV = LO, Brown-out Reset Voltage (Vbor), low trip point selected.
   380                           ;	In-Circuit Debugger Mode
   381                           ;	DEBUG = OFF, In-Circuit Debugger disabled, ICSPCLK and ICSPDAT are general purpose I/O
      +                           pins
   382                           ;	Low-Voltage Programming Enable
   383                           ;	LVP = ON, Low-voltage programming enabled
   384     8008                     	org	32776
   385     8008  3FFF               	dw	16383

Data Sizes:
    Strings     0
    Constant    0
    Data        0
    BSS         0
    Persistent  32
    Stack       0

Auto Spaces:
    Space          Size  Autos    Used
    COMMON           14      0       0
    BANK0            80      0       0
    BANK1            32      0       0

Pointer List with Targets:

    None.

Critical Paths under _main in COMMON

    None.

Critical Paths under _main in BANK0

    None.

Critical Paths under _main in BANK1

    None.

Call Graph Tables:

 ---------------------------------------------------------------------------------
 (Depth) Function   	        Calls       Base Space   Used Autos Params    Refs
 ---------------------------------------------------------------------------------
 (0) _main                                                 0     0      0       0
 ---------------------------------------------------------------------------------
 Estimated maximum stack depth 0
 ---------------------------------------------------------------------------------

 Call Graph Graphs:

 _main (ROOT)

 Address spaces:
Name               Size   Autos  Total    Cost      Usage
BIGRAM              70      0       0       0        0.0%
EEDATA             100      0       0       0        0.0%
NULL                 0      0       0       0        0.0%
CODE                 0      0       0       0        0.0%
BITCOMMON            E      0       0       1        0.0%
BITSFR0              0      0       0       1        0.0%
SFR0                 0      0       0       1        0.0%
COMMON               E      0       0       2        0.0%
BITSFR1              0      0       0       2        0.0%
SFR1                 0      0       0       2        0.0%
BITSFR2              0      0       0       3        0.0%
SFR2                 0      0       0       3        0.0%
STACK                0      0       0       3        0.0%
BITSFR3              0      0       0       4        0.0%
SFR3                 0      0       0       4        0.0%
ABS                  0      0       0       4        0.0%
BITBANK0            50      0       0       5        0.0%
BITSFR4              0      0       0       5        0.0%
SFR4                 0      0       0       5        0.0%
BANK0               50      0       0       6        0.0%
BITSFR5              0      0       0       6        0.0%
SFR5                 0      0       0       6        0.0%
BITBANK1            20      0       0       7        0.0%
BITSFR6              0      0       0       7        0.0%
SFR6                 0      0       0       7        0.0%
BANK1               20      0       0       8        0.0%
BITSFR7              0      0       0       8        0.0%
SFR7                 0      0       0       8        0.0%
BITSFR8              0      0       0       9        0.0%
SFR8                 0      0       0       9        0.0%
DATA                 0      0       0       9        0.0%
BITSFR9              0      0       0      10        0.0%
SFR9                 0      0       0      10        0.0%
BITSFR10             0      0       0      11        0.0%
SFR10                0      0       0      11        0.0%
BITSFR11             0      0       0      12        0.0%
SFR11                0      0       0      12        0.0%
BITSFR12             0      0       0      13        0.0%
SFR12                0      0       0      13        0.0%
BITSFR13             0      0       0      14        0.0%
SFR13                0      0       0      14        0.0%
BITSFR14             0      0       0      15        0.0%
SFR14                0      0       0      15        0.0%
BITSFR15             0      0       0      16        0.0%
SFR15                0      0       0      16        0.0%
BITSFR16             0      0       0      17        0.0%
SFR16                0      0       0      17        0.0%
BITSFR17             0      0       0      18        0.0%
SFR17                0      0       0      18        0.0%
BITSFR18             0      0       0      19        0.0%
SFR18                0      0       0      19        0.0%
BITSFR19             0      0       0      20        0.0%
SFR19                0      0       0      20        0.0%
BITSFR20             0      0       0      21        0.0%
SFR20                0      0       0      21        0.0%
BITSFR21             0      0       0      22        0.0%
SFR21                0      0       0      22        0.0%
BITSFR22             0      0       0      23        0.0%
SFR22                0      0       0      23        0.0%
BITSFR23             0      0       0      24        0.0%
SFR23                0      0       0      24        0.0%
BITSFR24             0      0       0      25        0.0%
SFR24                0      0       0      25        0.0%
BITSFR25             0      0       0      26        0.0%
SFR25                0      0       0      26        0.0%
BITSFR26             0      0       0      27        0.0%
SFR26                0      0       0      27        0.0%
BITSFR27             0      0       0      28        0.0%
SFR27                0      0       0      28        0.0%
BITSFR28             0      0       0      29        0.0%
SFR28                0      0       0      29        0.0%
BITSFR29             0      0       0      30        0.0%
SFR29                0      0       0      30        0.0%
BITSFR30             0      0       0      31        0.0%
SFR30                0      0       0      31        0.0%
BITSFR31             0      0       0      32        0.0%
SFR31                0      0       0      32        0.0%


Microchip Technology PIC Macro Assembler V2.45 build 20230818022343 
Symbol Table                                                                                   Sat Dec 09 06:34:26 2023

                      l5 07FD                      l613 07FD                     _main 07FD  
                   btemp 007E                     start 0001                    ?_main 0000  
                  wtemp0 007E          __initialization 07FE             __end_of_main 07FE  
                 ??_main 0000  __end_of__initialization 07FE           __pcstackCOMMON 0000  
             __pmaintext 07FD     end_of_initialization 07FE      start_initialization 07FE  
              ___latbits 0000  
